Arguments: 
  /Users/calummoore/.nvm/versions/node/v10.13.0/bin/node /usr/local/Cellar/yarn/1.5.1_1/libexec/bin/yarn.js pull php:7.3.1-zts-alpine3.8

PATH: 
  /Users/calummoore/.nvm/versions/node/v10.13.0/bin:/Users/calummoore/google-cloud-sdk/bin:/Users/calummoore/go/bin:/Users/calummoore/.yarn/bin:/usr/local/bin:/usr/bin:/bin:/usr/sbin:/sbin:/usr/local/go/bin:/Applications/Wireshark.app/Contents/MacOS

Yarn version: 
  1.5.1

Node version: 
  10.13.0

Platform: 
  darwin x64

npm manifest: 
  No manifest

yarn manifest: 
  No manifest

Lockfile: 
  No lockfile

Trace: 
  Error: Couldn't find a package.json file in "/Users/calummoore/Drive/Projects/Flow/git/zeplo-builder/base/go"
      at new MessageError (/usr/local/Cellar/yarn/1.5.1_1/libexec/lib/cli.js:186:110)
      at /usr/local/Cellar/yarn/1.5.1_1/libexec/lib/cli.js:40048:15
      at Generator.next (<anonymous>)
      at step (/usr/local/Cellar/yarn/1.5.1_1/libexec/lib/cli.js:98:30)
      at /usr/local/Cellar/yarn/1.5.1_1/libexec/lib/cli.js:109:13
